Using pre-set license
Built from '2020.3/staging' branch; Version is '2020.3.26f1 (7298b473bc1a) revision 7510196'; Using compiler version '192528614'; Build Type 'Release'
OS: 'Windows 10  (10.0.19042) 64bit Professional' Language: 'pt' Physical Memory: 8175 MB
BatchMode: 1, IsHumanControllingUs: 0, StartBugReporterOnCrash: 0, Is64bit: 1, IsPro: 0

COMMAND LINE ARGUMENTS:
C:\Program Files\Unity\Hub\Editor\2020.3.26f1\Editor\Unity.exe
-adb2
-batchMode
-noUpm
-name
AssetImportWorker0
-projectPath
D:/Ecomp - Uefs/IC gaming US/Atividades da IC/4 - Desenvolvimento do jogo/GamingUS/GamingUS
-logFile
Logs/AssetImportWorker0.log
-srvPort
54473
Successfully changed project path to: D:/Ecomp - Uefs/IC gaming US/Atividades da IC/4 - Desenvolvimento do jogo/GamingUS/GamingUS
D:/Ecomp - Uefs/IC gaming US/Atividades da IC/4 - Desenvolvimento do jogo/GamingUS/GamingUS
Using Asset Import Pipeline V2.
Refreshing native plugins compatible for Editor in 101.41 ms, found 3 plugins.
Preloading 0 native plugins for Editor in 0.00 ms.
Initialize engine version: 2020.3.26f1 (7298b473bc1a)
[Subsystems] Discovering subsystems at path C:/Program Files/Unity/Hub/Editor/2020.3.26f1/Editor/Data/Resources/UnitySubsystems
[Subsystems] Discovering subsystems at path D:/Ecomp - Uefs/IC gaming US/Atividades da IC/4 - Desenvolvimento do jogo/GamingUS/GamingUS/Assets
GfxDevice: creating device client; threaded=0
Direct3D:
    Version:  Direct3D 11.0 [level 11.0]
    Renderer: NVIDIA GeForce GTX 750 Ti (ID=0x1380)
    Vendor:   
    VRAM:     2007 MB
    Driver:   30.0.15.1123
Initialize mono
Mono path[0] = 'C:/Program Files/Unity/Hub/Editor/2020.3.26f1/Editor/Data/Managed'
Mono path[1] = 'C:/Program Files/Unity/Hub/Editor/2020.3.26f1/Editor/Data/MonoBleedingEdge/lib/mono/unityjit'
Mono config path = 'C:/Program Files/Unity/Hub/Editor/2020.3.26f1/Editor/Data/MonoBleedingEdge/etc'
Using monoOptions --debugger-agent=transport=dt_socket,embedding=1,server=y,suspend=n,address=127.0.0.1:56648
Begin MonoManager ReloadAssembly
Registering precompiled unity dll's ...
Register platform support module: C:/Program Files/Unity/Hub/Editor/2020.3.26f1/Editor/Data/PlaybackEngines/WebGLSupport/UnityEditor.WebGL.Extensions.dll
Register platform support module: C:/Program Files/Unity/Hub/Editor/2020.3.26f1/Editor/Data/PlaybackEngines/WindowsStandaloneSupport/UnityEditor.WindowsStandalone.Extensions.dll
Register platform support module: C:/Program Files/Unity/Hub/Editor/2020.3.26f1/Editor/Data/PlaybackEngines/LinuxStandaloneSupport/UnityEditor.LinuxStandalone.Extensions.dll
Registered in 0.005880 seconds.
Native extension for LinuxStandalone target not found
Native extension for WindowsStandalone target not found
Native extension for WebGL target not found
Refreshing native plugins compatible for Editor in 102.78 ms, found 3 plugins.
Preloading 0 native plugins for Editor in 0.00 ms.
Mono: successfully reloaded assembly
- Completed reload, in  1.128 seconds
Domain Reload Profiling:
	ReloadAssembly (1128ms)
		BeginReloadAssembly (96ms)
			ExecutionOrderSort (0ms)
			DisableScriptedObjects (0ms)
			BackupInstance (0ms)
			ReleaseScriptingObjects (0ms)
			CreateAndSetChildDomain (1ms)
		EndReloadAssembly (877ms)
			LoadAssemblies (93ms)
			RebuildTransferFunctionScriptingTraits (0ms)
			SetupTypeCache (306ms)
			ReleaseScriptCaches (0ms)
			RebuildScriptCaches (56ms)
			SetupLoadedEditorAssemblies (341ms)
				LogAssemblyErrors (0ms)
				InitializePlatformSupportModulesInManaged (10ms)
				SetLoadedEditorAssemblies (1ms)
				RefreshPlugins (103ms)
				BeforeProcessingInitializeOnLoad (27ms)
				ProcessInitializeOnLoadAttributes (149ms)
				ProcessInitializeOnLoadMethodAttributes (51ms)
				AfterProcessingInitializeOnLoad (0ms)
				EditorAssembliesLoaded (0ms)
			ExecutionOrderSort2 (0ms)
			AwakeInstancesAfterBackupRestoration (0ms)
Platform modules already initialized, skipping
Registering precompiled user dll's ...
Registered in 0.006337 seconds.
Begin MonoManager ReloadAssembly
Native extension for LinuxStandalone target not found
Native extension for WindowsStandalone target not found
Native extension for WebGL target not found
Refreshing native plugins compatible for Editor in 107.69 ms, found 3 plugins.
Preloading 0 native plugins for Editor in 0.00 ms.
Mono: successfully reloaded assembly
- Completed reload, in  2.309 seconds
Domain Reload Profiling:
	ReloadAssembly (2311ms)
		BeginReloadAssembly (281ms)
			ExecutionOrderSort (0ms)
			DisableScriptedObjects (11ms)
			BackupInstance (0ms)
			ReleaseScriptingObjects (0ms)
			CreateAndSetChildDomain (32ms)
		EndReloadAssembly (1900ms)
			LoadAssemblies (169ms)
			RebuildTransferFunctionScriptingTraits (0ms)
			SetupTypeCache (657ms)
			ReleaseScriptCaches (1ms)
			RebuildScriptCaches (97ms)
			SetupLoadedEditorAssemblies (768ms)
				LogAssemblyErrors (0ms)
				InitializePlatformSupportModulesInManaged (10ms)
				SetLoadedEditorAssemblies (0ms)
				RefreshPlugins (108ms)
				BeforeProcessingInitializeOnLoad (155ms)
				ProcessInitializeOnLoadAttributes (452ms)
				ProcessInitializeOnLoadMethodAttributes (29ms)
				AfterProcessingInitializeOnLoad (14ms)
				EditorAssembliesLoaded (0ms)
			ExecutionOrderSort2 (0ms)
			AwakeInstancesAfterBackupRestoration (10ms)
Platform modules already initialized, skipping
========================================================================
Worker process is ready to serve import requests
Launched and connected shader compiler UnityShaderCompiler.exe after 0.11 seconds
Refreshing native plugins compatible for Editor in 1.04 ms, found 3 plugins.
Preloading 0 native plugins for Editor in 0.00 ms.
Unloading 2540 Unused Serialized files (Serialized files now loaded: 0)
System memory in use before: 110.2 MB.
System memory in use after: 110.4 MB.

Unloading 30 unused Assets to reduce memory usage. Loaded Objects now: 2977.
Total: 4.903800 ms (FindLiveObjects: 0.408200 ms CreateObjectMapping: 0.183800 ms MarkObjects: 4.274600 ms  DeleteObjects: 0.035800 ms)

AssetImportParameters requested are different than current active one (requested -> active):
  custom:framework-win-MediaFoundation: 216162199b28c13a410421893ffa2e32 -> 
  custom:video-decoder-ogg-theora: a1e56fd34408186e4bbccfd4996cb3dc -> 
  custom:container-muxer-webm: aa71ff27fc2769a1b78a27578f13a17b -> 
  custom:container-demuxer-webm: 4f35f7cbe854078d1ac9338744f61a02 -> 
  custom:container-demuxer-ogg: 62fdf1f143b41e24485cea50d1cbac27 -> 
  custom:video-encoder-webm-vp8: eb34c28f22e8b96e1ab97ce403110664 -> 
  custom:video-decoder-webm-vp8: 9c59270c3fd7afecdb556c50c9e8de78 -> 
  custom:audio-decoder-ogg-vorbis: bf7c407c2cedff20999df2af8eb42d56 -> 
  custom:audio-encoder-webm-vorbis: bf7c407c2cedff20999df2af8eb42d56 -> 
========================================================================
Received Import Request.
  path: Assets/Players/CuteGirl/Walk (18).png
  artifactKey: Guid(7de9ed04a5de86947871bc14057113c3) Importer(815301076,1909f56bfc062723c751e8b465ee728b)
Start importing Assets/Players/CuteGirl/Walk (18).png using Guid(7de9ed04a5de86947871bc14057113c3) Importer(815301076,1909f56bfc062723c751e8b465ee728b)  -> (artifact id: 'e1ff0da010f5c118e677da4e4a99120c') in 0.190838 seconds 
  Import took 0.197854 seconds .

========================================================================
Received Import Request.
  Time since last request: 0.000340 seconds.
  path: Assets/Players/CuteGirl/Walk (14).png
  artifactKey: Guid(a7ca995996e8a924688495a03e3ccc9a) Importer(815301076,1909f56bfc062723c751e8b465ee728b)
Start importing Assets/Players/CuteGirl/Walk (14).png using Guid(a7ca995996e8a924688495a03e3ccc9a) Importer(815301076,1909f56bfc062723c751e8b465ee728b)  -> (artifact id: 'fd603eee17f609f58deb441e7238bd7f') in 0.084666 seconds 
  Import took 0.090559 seconds .

========================================================================
Received Import Request.
  Time since last request: 0.000321 seconds.
  path: Assets/Players/CuteGirl/Walk (15).png
  artifactKey: Guid(11a4b20fb49edda4f87bf30387c1cc7b) Importer(815301076,1909f56bfc062723c751e8b465ee728b)
Start importing Assets/Players/CuteGirl/Walk (15).png using Guid(11a4b20fb49edda4f87bf30387c1cc7b) Importer(815301076,1909f56bfc062723c751e8b465ee728b)  -> (artifact id: 'cab46800ff3b5effe99e051f0b70f00d') in 0.038433 seconds 
  Import took 0.044711 seconds .

========================================================================
Received Import Request.
  Time since last request: 0.000369 seconds.
  path: Assets/Players/CuteGirl/Walk (12).png
  artifactKey: Guid(f44f593e1a991fb45b0601c5e6798ee5) Importer(815301076,1909f56bfc062723c751e8b465ee728b)
Start importing Assets/Players/CuteGirl/Walk (12).png using Guid(f44f593e1a991fb45b0601c5e6798ee5) Importer(815301076,1909f56bfc062723c751e8b465ee728b)  -> (artifact id: '34ea1083e2a1cd68c3dd0f7bcc8db2e5') in 0.104753 seconds 
  Import took 0.110678 seconds .

========================================================================
Received Import Request.
  Time since last request: 0.000282 seconds.
  path: Assets/Players/CuteGirl/Walk (16).png
  artifactKey: Guid(b58b5a0747085f747803b380a607217f) Importer(815301076,1909f56bfc062723c751e8b465ee728b)
Start importing Assets/Players/CuteGirl/Walk (16).png using Guid(b58b5a0747085f747803b380a607217f) Importer(815301076,1909f56bfc062723c751e8b465ee728b)  -> (artifact id: '8194d5ec83cac590b2f57300a042c9e8') in 0.031448 seconds 
  Import took 0.037444 seconds .

========================================================================
Received Import Request.
  Time since last request: 0.000285 seconds.
  path: Assets/Players/CuteGirl/Walk (11).png
  artifactKey: Guid(4ad2e77d4e14a074c8938b69422d4184) Importer(815301076,1909f56bfc062723c751e8b465ee728b)
Start importing Assets/Players/CuteGirl/Walk (11).png using Guid(4ad2e77d4e14a074c8938b69422d4184) Importer(815301076,1909f56bfc062723c751e8b465ee728b)  -> (artifact id: 'bf4bf913589495c6967d1a8180be3664') in 0.066115 seconds 
  Import took 0.072072 seconds .

========================================================================
Received Import Request.
  Time since last request: 0.000287 seconds.
  path: Assets/Players/CuteGirl/Walk (13).png
  artifactKey: Guid(d45ef49997e3f9f47b2e02cb67f331d1) Importer(815301076,1909f56bfc062723c751e8b465ee728b)
Start importing Assets/Players/CuteGirl/Walk (13).png using Guid(d45ef49997e3f9f47b2e02cb67f331d1) Importer(815301076,1909f56bfc062723c751e8b465ee728b)  -> (artifact id: 'ff8c37200c5ee1339817a3980bd4f9a8') in 0.183755 seconds 
  Import took 0.189662 seconds .

========================================================================
Received Import Request.
  Time since last request: 0.000283 seconds.
  path: Assets/Players/CuteGirl/Walk (17).png
  artifactKey: Guid(a712c31966bc6774db0df7ed939abc88) Importer(815301076,1909f56bfc062723c751e8b465ee728b)
Start importing Assets/Players/CuteGirl/Walk (17).png using Guid(a712c31966bc6774db0df7ed939abc88) Importer(815301076,1909f56bfc062723c751e8b465ee728b)  -> (artifact id: '76541d1b4792be80e0c3e2c5f77629e2') in 0.032677 seconds 
  Import took 0.038147 seconds .

========================================================================
Received Import Request.
  Time since last request: 0.000426 seconds.
  path: Assets/Players/CuteGirl/Walk (20).png
  artifactKey: Guid(f84bfa5a556139440914d2827bec4cd8) Importer(815301076,1909f56bfc062723c751e8b465ee728b)
Start importing Assets/Players/CuteGirl/Walk (20).png using Guid(f84bfa5a556139440914d2827bec4cd8) Importer(815301076,1909f56bfc062723c751e8b465ee728b)  -> (artifact id: '4f591ebc5873a8f45823f28664a16170') in 0.035194 seconds 
  Import took 0.040616 seconds .

========================================================================
Received Import Request.
  Time since last request: 0.000345 seconds.
  path: Assets/Players/CuteGirl/Walk (19).png
  artifactKey: Guid(e7d821ef96cf155409c723fe0c638149) Importer(815301076,1909f56bfc062723c751e8b465ee728b)
Start importing Assets/Players/CuteGirl/Walk (19).png using Guid(e7d821ef96cf155409c723fe0c638149) Importer(815301076,1909f56bfc062723c751e8b465ee728b)  -> (artifact id: '63fe52c61747e9a0ce8ace794dc6a27c') in 0.036348 seconds 
  Import took 0.041569 seconds .

========================================================================
Received Import Request.
  Time since last request: 0.000262 seconds.
  path: Assets/Players/CuteGirl/Walk (10).png
  artifactKey: Guid(b3be6a706eddd2c45ba0db2b23524874) Importer(815301076,1909f56bfc062723c751e8b465ee728b)
Start importing Assets/Players/CuteGirl/Walk (10).png using Guid(b3be6a706eddd2c45ba0db2b23524874) Importer(815301076,1909f56bfc062723c751e8b465ee728b)  -> (artifact id: '042915224a712ea43182e3151c813b8d') in 0.061171 seconds 
  Import took 0.067089 seconds .

========================================================================
Received Import Request.
  Time since last request: 0.000306 seconds.
  path: Assets/Players/CuteGirl/Walk (9).png
  artifactKey: Guid(b376b2ef5f4e0ab409d069385d0cdf86) Importer(815301076,1909f56bfc062723c751e8b465ee728b)
Start importing Assets/Players/CuteGirl/Walk (9).png using Guid(b376b2ef5f4e0ab409d069385d0cdf86) Importer(815301076,1909f56bfc062723c751e8b465ee728b)  -> (artifact id: 'b6a834777361787abc0a4e2626aac55a') in 0.080340 seconds 
  Import took 0.085715 seconds .

========================================================================
Received Import Request.
  Time since last request: 3.968416 seconds.
  path: Assets/Players/CuteGirl/Walk (7).png
  artifactKey: Guid(753e094617465844a9f20f154d8b8108) Importer(815301076,1909f56bfc062723c751e8b465ee728b)
Start importing Assets/Players/CuteGirl/Walk (7).png using Guid(753e094617465844a9f20f154d8b8108) Importer(815301076,1909f56bfc062723c751e8b465ee728b)  -> (artifact id: 'd5eb62a4521a32b6cc1c087c1b288222') in 0.060338 seconds 
  Import took 0.066713 seconds .

========================================================================
Received Import Request.
  Time since last request: 0.000272 seconds.
  path: Assets/Players/CuteGirl/Walk (8).png
  artifactKey: Guid(68982b80ae3f49a41be9b297f318697d) Importer(815301076,1909f56bfc062723c751e8b465ee728b)
Start importing Assets/Players/CuteGirl/Walk (8).png using Guid(68982b80ae3f49a41be9b297f318697d) Importer(815301076,1909f56bfc062723c751e8b465ee728b)  -> (artifact id: 'e5bb23388f8e5726117d9feebcc0ae52') in 0.042542 seconds 
  Import took 0.048430 seconds .

========================================================================
Received Import Request.
  Time since last request: 1.622476 seconds.
  path: Assets/Players/CuteGirl/Walk (6).png
  artifactKey: Guid(dd33a4781552af24984dbcb0ce2fa0f8) Importer(815301076,1909f56bfc062723c751e8b465ee728b)
Start importing Assets/Players/CuteGirl/Walk (6).png using Guid(dd33a4781552af24984dbcb0ce2fa0f8) Importer(815301076,1909f56bfc062723c751e8b465ee728b)  -> (artifact id: '51f57d31b19abcbf35e7d8fb329757ff') in 0.068516 seconds 
  Import took 0.076800 seconds .

AssetImportWorkerClient::OnTransportError - code=2 error=End of file
